<?xml version="1.0" encoding="UTF-8"?>
<testsuite xmlns:xsi="http://www.w3.org/2001/XMLSchema-instance" xsi:noNamespaceSchemaLocation="https://maven.apache.org/surefire/maven-surefire-plugin/xsd/surefire-test-report.xsd" name="com.currencychanger.app.AppTest" time="0.039" tests="1" errors="0" skipped="0" failures="0">
  <properties>
    <property name="java.specification.version" value="21"/>
    <property name="sun.jnu.encoding" value="UTF-8"/>
    <property name="java.class.path" value="/home/itznokx/Documents/programming/java/currency_change_java/currency-changer/target/test-classes:/home/itznokx/Documents/programming/java/currency_change_java/currency-changer/target/classes:/home/itznokx/.m2/repository/jakarta/servlet/jakarta.servlet-api/4.0.4/jakarta.servlet-api-4.0.4.jar:/home/itznokx/.m2/repository/junit/junit/4.11/junit-4.11.jar:/home/itznokx/.m2/repository/org/hamcrest/hamcrest-core/1.3/hamcrest-core-1.3.jar:/home/itznokx/.m2/repository/org/codehaus/mojo/exec-maven-plugin/3.1.0/exec-maven-plugin-3.1.0.jar:/home/itznokx/.m2/repository/org/codehaus/plexus/plexus-utils/3.4.2/plexus-utils-3.4.2.jar:/home/itznokx/.m2/repository/org/apache/commons/commons-exec/1.3/commons-exec-1.3.jar:/home/itznokx/.m2/repository/javax/money/money-api/1.1/money-api-1.1.jar:/home/itznokx/.m2/repository/javax/annotation/javax.annotation-api/1.3.2/javax.annotation-api-1.3.2.jar:/home/itznokx/.m2/repository/org/javamoney/moneta/moneta-core/1.4.2/moneta-core-1.4.2.jar:/home/itznokx/.m2/repository/org/javamoney/moneta/moneta-convert/1.4.2/moneta-convert-1.4.2.jar:/home/itznokx/.m2/repository/org/javamoney/moneta/moneta-convert-imf/1.4.2/moneta-convert-imf-1.4.2.jar:/home/itznokx/.m2/repository/org/javamoney/moneta/moneta-convert-ecb/1.4.2/moneta-convert-ecb-1.4.2.jar:/home/itznokx/.m2/repository/javax/servlet/javax.servlet-api/4.0.1/javax.servlet-api-4.0.1.jar:/home/itznokx/.m2/repository/javax/servlet/jsp/javax.servlet.jsp-api/2.3.3/javax.servlet.jsp-api-2.3.3.jar:/home/itznokx/.m2/repository/jstl/jstl/1.2/jstl-1.2.jar:/home/itznokx/.m2/repository/org/jsoup/jsoup/1.17.2/jsoup-1.17.2.jar:"/>
    <property name="java.vm.vendor" value="Ubuntu"/>
    <property name="sun.arch.data.model" value="64"/>
    <property name="java.vendor.url" value="https://ubuntu.com/"/>
    <property name="os.name" value="Linux"/>
    <property name="java.vm.specification.version" value="21"/>
    <property name="sun.java.launcher" value="SUN_STANDARD"/>
    <property name="user.country" value="BR"/>
    <property name="sun.boot.library.path" value="/usr/lib/jvm/java-21-openjdk-amd64/lib"/>
    <property name="sun.java.command" value="/home/itznokx/Documents/programming/java/currency_change_java/currency-changer/target/surefire/surefirebooter3259929669040371571.jar /home/itznokx/Documents/programming/java/currency_change_java/currency-changer/target/surefire 2024-06-13T15-38-45_330-jvmRun1 surefire8056470992399476247tmp surefire_011208386663497784936tmp"/>
    <property name="jdk.debug" value="release"/>
    <property name="surefire.test.class.path" value="/home/itznokx/Documents/programming/java/currency_change_java/currency-changer/target/test-classes:/home/itznokx/Documents/programming/java/currency_change_java/currency-changer/target/classes:/home/itznokx/.m2/repository/jakarta/servlet/jakarta.servlet-api/4.0.4/jakarta.servlet-api-4.0.4.jar:/home/itznokx/.m2/repository/junit/junit/4.11/junit-4.11.jar:/home/itznokx/.m2/repository/org/hamcrest/hamcrest-core/1.3/hamcrest-core-1.3.jar:/home/itznokx/.m2/repository/org/codehaus/mojo/exec-maven-plugin/3.1.0/exec-maven-plugin-3.1.0.jar:/home/itznokx/.m2/repository/org/codehaus/plexus/plexus-utils/3.4.2/plexus-utils-3.4.2.jar:/home/itznokx/.m2/repository/org/apache/commons/commons-exec/1.3/commons-exec-1.3.jar:/home/itznokx/.m2/repository/javax/money/money-api/1.1/money-api-1.1.jar:/home/itznokx/.m2/repository/javax/annotation/javax.annotation-api/1.3.2/javax.annotation-api-1.3.2.jar:/home/itznokx/.m2/repository/org/javamoney/moneta/moneta-core/1.4.2/moneta-core-1.4.2.jar:/home/itznokx/.m2/repository/org/javamoney/moneta/moneta-convert/1.4.2/moneta-convert-1.4.2.jar:/home/itznokx/.m2/repository/org/javamoney/moneta/moneta-convert-imf/1.4.2/moneta-convert-imf-1.4.2.jar:/home/itznokx/.m2/repository/org/javamoney/moneta/moneta-convert-ecb/1.4.2/moneta-convert-ecb-1.4.2.jar:/home/itznokx/.m2/repository/javax/servlet/javax.servlet-api/4.0.1/javax.servlet-api-4.0.1.jar:/home/itznokx/.m2/repository/javax/servlet/jsp/javax.servlet.jsp-api/2.3.3/javax.servlet.jsp-api-2.3.3.jar:/home/itznokx/.m2/repository/jstl/jstl/1.2/jstl-1.2.jar:/home/itznokx/.m2/repository/org/jsoup/jsoup/1.17.2/jsoup-1.17.2.jar:"/>
    <property name="sun.cpu.endian" value="little"/>
    <property name="user.home" value="/home/itznokx"/>
    <property name="user.language" value="pt"/>
    <property name="java.specification.vendor" value="Oracle Corporation"/>
    <property name="java.version.date" value="2024-04-16"/>
    <property name="java.home" value="/usr/lib/jvm/java-21-openjdk-amd64"/>
    <property name="file.separator" value="/"/>
    <property name="basedir" value="/home/itznokx/Documents/programming/java/currency_change_java/currency-changer"/>
    <property name="java.vm.compressedOopsMode" value="32-bit"/>
    <property name="line.separator" value="&#10;"/>
    <property name="java.specification.name" value="Java Platform API Specification"/>
    <property name="java.vm.specification.vendor" value="Oracle Corporation"/>
    <property name="surefire.real.class.path" value="/home/itznokx/Documents/programming/java/currency_change_java/currency-changer/target/surefire/surefirebooter3259929669040371571.jar"/>
    <property name="sun.management.compiler" value="HotSpot 64-Bit Tiered Compilers"/>
    <property name="java.runtime.version" value="21.0.3+9-Ubuntu-1ubuntu1"/>
    <property name="user.name" value="itznokx"/>
    <property name="stdout.encoding" value="UTF-8"/>
    <property name="path.separator" value=":"/>
    <property name="os.version" value="6.8.0-35-generic"/>
    <property name="java.runtime.name" value="OpenJDK Runtime Environment"/>
    <property name="file.encoding" value="UTF-8"/>
    <property name="java.vm.name" value="OpenJDK 64-Bit Server VM"/>
    <property name="localRepository" value="/home/itznokx/.m2/repository"/>
    <property name="java.vendor.url.bug" value="https://bugs.launchpad.net/ubuntu/+source/openjdk-21"/>
    <property name="java.io.tmpdir" value="/tmp"/>
    <property name="java.version" value="21.0.3"/>
    <property name="user.dir" value="/home/itznokx/Documents/programming/java/currency_change_java/currency-changer"/>
    <property name="os.arch" value="amd64"/>
    <property name="java.vm.specification.name" value="Java Virtual Machine Specification"/>
    <property name="native.encoding" value="UTF-8"/>
    <property name="java.library.path" value="/usr/java/packages/lib:/usr/lib/x86_64-linux-gnu/jni:/lib/x86_64-linux-gnu:/usr/lib/x86_64-linux-gnu:/usr/lib/jni:/lib:/usr/lib"/>
    <property name="java.vm.info" value="mixed mode, sharing"/>
    <property name="stderr.encoding" value="UTF-8"/>
    <property name="java.vendor" value="Ubuntu"/>
    <property name="java.vm.version" value="21.0.3+9-Ubuntu-1ubuntu1"/>
    <property name="sun.io.unicode.encoding" value="UnicodeLittle"/>
    <property name="java.class.version" value="65.0"/>
  </properties>
  <testcase name="shouldAnswerWithTrue" classname="com.currencychanger.app.AppTest" time="0.004"/>
</testsuite>